-------------------------------------------------------------------------------
Test set: com.doctor.DoctorService2ApplicationTests
-------------------------------------------------------------------------------
Tests run: 1, Failures: 0, Errors: 1, Skipped: 0, Time elapsed: 9.573 s <<< FAILURE! - in com.doctor.DoctorService2ApplicationTests
contextLoads  Time elapsed: 0 s  <<< ERROR!
java.lang.IllegalStateException: Failed to load ApplicationContext
Caused by: org.springframework.beans.factory.UnsatisfiedDependencyException: Error creating bean with name 'doctorController': Unsatisfied dependency expressed through field 'commentsService'; nested exception is org.springframework.beans.factory.UnsatisfiedDependencyException: Error creating bean with name 'commentsServiceImpl': Unsatisfied dependency expressed through field 'commentsRepository'; nested exception is org.springframework.beans.factory.BeanCreationException: Error creating bean with name 'commentsRepository' defined in com.doctor.repository.CommentsRepository defined in @EnableJpaRepositories declared on JpaRepositoriesRegistrar.EnableJpaRepositoriesConfiguration: Invocation of init method failed; nested exception is org.springframework.data.repository.query.QueryCreationException: Could not create query for public abstract java.util.List com.doctor.repository.CommentsRepository.findByPatientId(java.lang.Long); Reason: Failed to create query for method public abstract java.util.List com.doctor.repository.CommentsRepository.findByPatientId(java.lang.Long)! No property 'patientId' found for type 'Comments'; Did you mean 'patients'; nested exception is java.lang.IllegalArgumentException: Failed to create query for method public abstract java.util.List com.doctor.repository.CommentsRepository.findByPatientId(java.lang.Long)! No property 'patientId' found for type 'Comments'; Did you mean 'patients'
Caused by: org.springframework.beans.factory.UnsatisfiedDependencyException: Error creating bean with name 'commentsServiceImpl': Unsatisfied dependency expressed through field 'commentsRepository'; nested exception is org.springframework.beans.factory.BeanCreationException: Error creating bean with name 'commentsRepository' defined in com.doctor.repository.CommentsRepository defined in @EnableJpaRepositories declared on JpaRepositoriesRegistrar.EnableJpaRepositoriesConfiguration: Invocation of init method failed; nested exception is org.springframework.data.repository.query.QueryCreationException: Could not create query for public abstract java.util.List com.doctor.repository.CommentsRepository.findByPatientId(java.lang.Long); Reason: Failed to create query for method public abstract java.util.List com.doctor.repository.CommentsRepository.findByPatientId(java.lang.Long)! No property 'patientId' found for type 'Comments'; Did you mean 'patients'; nested exception is java.lang.IllegalArgumentException: Failed to create query for method public abstract java.util.List com.doctor.repository.CommentsRepository.findByPatientId(java.lang.Long)! No property 'patientId' found for type 'Comments'; Did you mean 'patients'
Caused by: org.springframework.beans.factory.BeanCreationException: Error creating bean with name 'commentsRepository' defined in com.doctor.repository.CommentsRepository defined in @EnableJpaRepositories declared on JpaRepositoriesRegistrar.EnableJpaRepositoriesConfiguration: Invocation of init method failed; nested exception is org.springframework.data.repository.query.QueryCreationException: Could not create query for public abstract java.util.List com.doctor.repository.CommentsRepository.findByPatientId(java.lang.Long); Reason: Failed to create query for method public abstract java.util.List com.doctor.repository.CommentsRepository.findByPatientId(java.lang.Long)! No property 'patientId' found for type 'Comments'; Did you mean 'patients'; nested exception is java.lang.IllegalArgumentException: Failed to create query for method public abstract java.util.List com.doctor.repository.CommentsRepository.findByPatientId(java.lang.Long)! No property 'patientId' found for type 'Comments'; Did you mean 'patients'
Caused by: org.springframework.data.repository.query.QueryCreationException: Could not create query for public abstract java.util.List com.doctor.repository.CommentsRepository.findByPatientId(java.lang.Long); Reason: Failed to create query for method public abstract java.util.List com.doctor.repository.CommentsRepository.findByPatientId(java.lang.Long)! No property 'patientId' found for type 'Comments'; Did you mean 'patients'; nested exception is java.lang.IllegalArgumentException: Failed to create query for method public abstract java.util.List com.doctor.repository.CommentsRepository.findByPatientId(java.lang.Long)! No property 'patientId' found for type 'Comments'; Did you mean 'patients'
Caused by: java.lang.IllegalArgumentException: Failed to create query for method public abstract java.util.List com.doctor.repository.CommentsRepository.findByPatientId(java.lang.Long)! No property 'patientId' found for type 'Comments'; Did you mean 'patients'
Caused by: org.springframework.data.mapping.PropertyReferenceException: No property 'patientId' found for type 'Comments'; Did you mean 'patients'

